  camera.cpp
  character.cpp
  collision.cpp
  enemy.cpp
  field.cpp
  game.cpp
  input.cpp
  item.cpp
  manager.cpp
  motion.cpp
  number.cpp
  object.cpp
  object2D.cpp
  objectX.cpp
  pause.cpp
  player.cpp
  result.cpp
  score.cpp
  time.cpp
  title.cpp
  コード生成しています。
  78 of 372 functions (21.0%) were compiled, the rest were copied from previous compilation.
    25 functions were new in current compilation
    42 functions had inline decision re-evaluated but remain unchanged
  コード生成が終了しました。
  Project0.vcxproj -> C:\Users\student\Documents\ゲーム制作\個人製作\Project0\2024_3Daction\project\Project0.exe
  Project0.vcxproj -> C:\Users\student\Documents\ゲーム制作\個人製作\Project0\2024_3Daction\project\Project0.pdb (Full PDB)
